Arguments: 
  D:\soft\node\installpath\node.exe D:\soft\node\node_global\node_modules\yarn\bin\yarn.js add -D vuepress@next

PATH: 
  C:\Program Files\Common Files\Oracle\Java\javapath;D:\soft\scrt\installpath\;C:\Program Files (x86)\Common Files\Oracle\Java\javapath;C:\WINDOWS\system32;C:\WINDOWS;C:\WINDOWS\System32\Wbem;C:\WINDOWS\System32\WindowsPowerShell\v1.0\;C:\WINDOWS\System32\OpenSSH\;D:\soft\jdk\jdk8\installpath\bin;D:\soft\jdk\jdk8\installpath\lib\dt.jar;D:\soft\jdk\jdk8\installpath\lib\tools.jar;D:\soft\git\cmd;D:\soft\node\node_global;D:\soft\node\yarn_global;C:\Program Files (x86)\dotnet\;D:\soft\maven\apache-maven-3.8.4;D:\soft\maven\apache-maven-3.8.4\bin;C:\Program Files\PuTTY\;D:\soft\gradle\bin;C:\ProgramData\chocolatey\bin;D:\soft\node\installpath;D:\soft\weixinxiaochengxu\dll;C:\soft\python;C:\soft\python\Scripts;D:\soft\tesseract-ocr;C:\Users\14024\AppData\Local\Microsoft\WindowsApps;D:\soft\bandzip\;D:\soft\vscode\bin;D:\soft\webstorm\bin;;D:\soft\pycharm\PyCharm\bin;

Yarn version: 
  1.22.19

Node version: 
  16.18.0

Platform: 
  win32 x64

Trace: 
  Error: connect ETIMEDOUT 192.168.1.54:8081
      at TCPConnectWrap.afterConnect [as oncomplete] (node:net:1278:16)

npm manifest: 
  {
    "name": "Burny.tech",
    "version": "1.0.0",
    "main": "index.js",
    "author": "chenyingxin <1402421202@qq.com>",
    "license": "MIT"
  }

yarn manifest: 
  No manifest

Lockfile: 
  No lockfile
